<?xml version="1.0" encoding="UTF-8"?>
<testng-results ignored="0" total="1" passed="1" failed="0" skipped="0">
  <reporter-output>
  </reporter-output>
  <suite started-at="2023-02-14T16:54:59 IST" name="Default suite" finished-at="2023-02-14T16:55:38 IST" duration-ms="39325">
    <groups>
    </groups>
    <test started-at="2023-02-14T16:54:59 IST" name="Default test" finished-at="2023-02-14T16:55:38 IST" duration-ms="39325">
      <class name="Appium_Learn.Appium.MiscellaneuosAppium">
        <test-method is-config="true" signature="configureAppium()[pri:0, instance:Appium_Learn.Appium.MiscellaneuosAppium@229c6181]" started-at="2023-02-14T16:54:59 IST" name="configureAppium" finished-at="2023-02-14T16:55:15 IST" duration-ms="16331" status="PASS">
          <reporter-output>
          </reporter-output>
        </test-method> <!-- configureAppium -->
        <test-method signature="WifiSettings()[pri:0, instance:Appium_Learn.Appium.MiscellaneuosAppium@229c6181]" started-at="2023-02-14T16:55:15 IST" name="WifiSettings" finished-at="2023-02-14T16:55:33 IST" duration-ms="18490" status="PASS">
          <reporter-output>
          </reporter-output>
        </test-method> <!-- WifiSettings -->
        <test-method is-config="true" signature="teardown()[pri:0, instance:Appium_Learn.Appium.MiscellaneuosAppium@229c6181]" started-at="2023-02-14T16:55:33 IST" name="teardown" finished-at="2023-02-14T16:55:38 IST" duration-ms="4415" status="PASS">
          <reporter-output>
          </reporter-output>
        </test-method> <!-- teardown -->
      </class> <!-- Appium_Learn.Appium.MiscellaneuosAppium -->
    </test> <!-- Default test -->
  </suite> <!-- Default suite -->
</testng-results>
